pvcbbank_lsposed/app/build/intermediates/manifest_merge_blame_file/debug/manifest-merger-blame-debug-report.txt
1<?xml version="1.0" encoding="utf-8"?>
2<manifest xmlns:android="http://schemas.android.com/apk/res/android"
3    package="com.example.pvcbbankcapture"
4    android:versionCode="1"
5    android:versionName="1.0" >
6
7    <uses-sdk
8        android:minSdkVersion="26"
9        android:targetSdkVersion="33" />
10
11    <application
11-->src/main/AndroidManifest.xml:5:5-20:19
12        android:debuggable="true"
13        android:extractNativeLibs="false"
14        android:icon="@android:drawable/sym_def_app_icon"
14-->src/main/AndroidManifest.xml:7:9-58
15        android:label="PvcbBank Capture" >
15-->src/main/AndroidManifest.xml:6:9-41
16        <meta-data
16-->src/main/AndroidManifest.xml:8:9-10:36
17            android:name="xposedmodule"
17-->src/main/AndroidManifest.xml:9:13-40
18            android:value="true" />
18-->src/main/AndroidManifest.xml:10:13-33
19        <meta-data
19-->src/main/AndroidManifest.xml:11:9-13:62
20            android:name="xposeddescription"
20-->src/main/AndroidManifest.xml:12:13-45
21            android:value="Capture Pvcbank AES &amp; Keys" />
21-->src/main/AndroidManifest.xml:13:13-59
22        <meta-data
22-->src/main/AndroidManifest.xml:14:9-16:34
23            android:name="xposedminversion"
23-->src/main/AndroidManifest.xml:15:13-44
24            android:value="82" />
24-->src/main/AndroidManifest.xml:16:13-31
25        <meta-data
25-->src/main/AndroidManifest.xml:17:9-19:54
26            android:name="xposedscope"
26-->src/main/AndroidManifest.xml:18:13-39
27            android:resource="@array/xposed_scope" />
27-->src/main/AndroidManifest.xml:19:13-51
28    </application>
29
30</manifest>